<?xml version="1.0" encoding="UTF-8"?>
<!-- Generated by org.testng.reporters.JUnitXMLReporter -->
<testsuite ignored="0" hostname="10835-LAP-0898" failures="1" tests="9" name="Test" time="133.368" errors="0" timestamp="2025-03-20T01:28:38 IST">
  <testcase classname="testscripts.smoke.ui.LibrayTest" name="verifyQuestionCount" time="4.79">
    <failure type="java.lang.AssertionError" message="All Question count was 2876 where as sum of other type questions 200 expected [2876] but found [200]">
      <![CDATA[java.lang.AssertionError: All Question count was 2876 where as sum of other type questions 200 expected [2876] but found [200]
at testscripts.smoke.ui.LibrayTest.verifyQuestionCount(LibrayTest.java:36)
at java.base/java.util.ArrayList.forEach(ArrayList.java:1541)
... Removed 36 stack frames]]>
    </failure>
  </testcase> <!-- verifyQuestionCount -->
  <testcase classname="testscripts.smoke.ui.DashboardTest" name="verifyDashboardUiElements" time="1.533"/>
  <testcase classname="testscripts.smoke.functional.CreateQuestionTest" name="verifyCreateQuestion" time="11.799"/>
  <testcase classname="testscripts.smoke.functional.CreateQuestionTest" name="verifyCreateQuestionDataDriven" time="7.145"/>
  <testcase classname="testscripts.smoke.functional.CreateQuestionTest" name="verifyCreateQuestionDataDriven" time="6.229"/>
  <testcase classname="testscripts.smoke.functional.CreateQuestionTest" name="verifyCreateQuestionDataDriven" time="15.019"/>
  <testcase classname="testscripts.smoke.functional.CreateQuestionTest" name="verifyCreateQuestionDataDriven" time="9.326"/>
  <testcase classname="testscripts.smoke.functional.CreateQuestionTest" name="verifyCreateQuestionDataDriven" time="8.321"/>
  <testcase classname="testscripts.smoke.functional.LoginTest" name="verifyLoginForValidCredentials" time="1.932"/>
</testsuite> <!-- Test -->
