<html>
<head>
<title>TestNG:  Test</title>
<link href="../testng.css" rel="stylesheet" type="text/css" />
<link href="../my-testng.css" rel="stylesheet" type="text/css" />

<style type="text/css">
.log { display: none;} 
.stack-trace { display: none;} 
</style>
<script type="text/javascript">
<!--
function flip(e) {
  current = e.style.display;
  if (current == 'block') {
    e.style.display = 'none';
    return 0;
  }
  else {
    e.style.display = 'block';
    return 1;
  }
}

function toggleBox(szDivId, elem, msg1, msg2)
{
  var res = -1;  if (document.getElementById) {
    res = flip(document.getElementById(szDivId));
  }
  else if (document.all) {
    // this is the way old msie versions work
    res = flip(document.all[szDivId]);
  }
  if(elem) {
    if(res == 0) elem.innerHTML = msg1; else elem.innerHTML = msg2;
  }

}

function toggleAllBoxes() {
  if (document.getElementsByTagName) {
    d = document.getElementsByTagName('div');
    for (i = 0; i < d.length; i++) {
      if (d[i].className == 'log') {
        flip(d[i]);
      }
    }
  }
}

// -->
</script>

</head>
<body>
<h2 align='center'>Test</h2><table border='1' align="center">
<tr>
<td>Tests passed/Failed/Skipped:</td><td>8/1/0</td>
</tr><tr>
<td>Started on:</td><td>Thu Mar 20 01:26:24 IST 2025</td>
</tr>
<tr><td>Total time:</td><td>133 seconds (133368 ms)</td>
</tr><tr>
<td>Included groups:</td><td></td>
</tr><tr>
<td>Excluded groups:</td><td></td>
</tr>
</table><p/>
<small><i>(Hover the method name to see the test class name)</i></small><p/>
<table width='100%' border='1' class='invocation-failed'>
<tr><td colspan='4' align='center'><b>FAILED TESTS</b></td></tr>
<tr><td><b>Test method</b></td>
<td width="30%"><b>Exception</b></td>
<td width="10%"><b>Time (seconds)</b></td>
<td><b>Instance</b></td>
</tr>
<tr>
<td title='testscripts.smoke.ui.LibrayTest.verifyQuestionCount()'><b>verifyQuestionCount</b><br>Test class: testscripts.smoke.ui.LibrayTest</td>
<td><div><pre>java.lang.AssertionError: All Question count was 2876 where as sum of other type questions 200 expected [2876] but found [200]
	at testscripts.smoke.ui.LibrayTest.verifyQuestionCount(LibrayTest.java:36)
	at java.base/java.util.ArrayList.forEach(ArrayList.java:1541)
... Removed 36 stack frames</pre></div><a href='#' onClick='toggleBox("stack-trace1259950595", this, "Click to show all stack frames", "Click to hide stack frames")'>Click to show all stack frames</a>
<div class='stack-trace' id='stack-trace1259950595'><pre>java.lang.AssertionError: All Question count was 2876 where as sum of other type questions 200 expected [2876] but found [200]
	at org.testng.Assert.fail(Assert.java:99)
	at org.testng.Assert.failNotEquals(Assert.java:1037)
	at org.testng.Assert.assertEqualsImpl(Assert.java:140)
	at org.testng.Assert.assertEquals(Assert.java:122)
	at org.testng.Assert.assertEquals(Assert.java:907)
	at testscripts.smoke.ui.LibrayTest.verifyQuestionCount(LibrayTest.java:36)
	at java.base/jdk.internal.reflect.NativeMethodAccessorImpl.invoke0(Native Method)
	at java.base/jdk.internal.reflect.NativeMethodAccessorImpl.invoke(NativeMethodAccessorImpl.java:62)
	at java.base/jdk.internal.reflect.DelegatingMethodAccessorImpl.invoke(DelegatingMethodAccessorImpl.java:43)
	at java.base/java.lang.reflect.Method.invoke(Method.java:566)
	at org.testng.internal.MethodInvocationHelper.invokeMethod(MethodInvocationHelper.java:133)
	at org.testng.internal.TestInvoker.invokeMethod(TestInvoker.java:598)
	at org.testng.internal.TestInvoker.invokeTestMethod(TestInvoker.java:173)
	at org.testng.internal.MethodRunner.runInSequence(MethodRunner.java:46)
	at org.testng.internal.TestInvoker$MethodInvocationAgent.invoke(TestInvoker.java:824)
	at org.testng.internal.TestInvoker.invokeTestMethods(TestInvoker.java:146)
	at org.testng.internal.TestMethodWorker.invokeTestMethods(TestMethodWorker.java:146)
	at org.testng.internal.TestMethodWorker.run(TestMethodWorker.java:128)
	at java.base/java.util.ArrayList.forEach(ArrayList.java:1541)
	at org.testng.TestRunner.privateRun(TestRunner.java:794)
	at org.testng.TestRunner.run(TestRunner.java:596)
	at org.testng.SuiteRunner.runTest(SuiteRunner.java:377)
	at org.testng.SuiteRunner.runSequentially(SuiteRunner.java:371)
	at org.testng.SuiteRunner.privateRun(SuiteRunner.java:332)
	at org.testng.SuiteRunner.run(SuiteRunner.java:276)
	at org.testng.SuiteRunnerWorker.runSuite(SuiteRunnerWorker.java:53)
	at org.testng.SuiteRunnerWorker.run(SuiteRunnerWorker.java:96)
	at org.testng.TestNG.runSuitesSequentially(TestNG.java:1212)
	at org.testng.TestNG.runSuitesLocally(TestNG.java:1134)
	at org.testng.TestNG.runSuites(TestNG.java:1063)
	at org.testng.TestNG.run(TestNG.java:1031)
	at org.apache.maven.surefire.testng.TestNGExecutor.run(TestNGExecutor.java:308)
	at org.apache.maven.surefire.testng.TestNGXmlTestSuite.execute(TestNGXmlTestSuite.java:71)
	at org.apache.maven.surefire.testng.TestNGProvider.invoke(TestNGProvider.java:113)
	at org.apache.maven.surefire.booter.ForkedBooter.runSuitesInProcess(ForkedBooter.java:385)
	at org.apache.maven.surefire.booter.ForkedBooter.execute(ForkedBooter.java:162)
	at org.apache.maven.surefire.booter.ForkedBooter.run(ForkedBooter.java:507)
	at org.apache.maven.surefire.booter.ForkedBooter.main(ForkedBooter.java:495)
</pre></div></td>
<td>4</td>
<td>testscripts.smoke.ui.LibrayTest@1a28aef1</td></tr>
</table><p>
<table width='100%' border='1' class='invocation-passed'>
<tr><td colspan='4' align='center'><b>PASSED TESTS</b></td></tr>
<tr><td><b>Test method</b></td>
<td width="30%"><b>Exception</b></td>
<td width="10%"><b>Time (seconds)</b></td>
<td><b>Instance</b></td>
</tr>
<tr>
<td title='testscripts.smoke.ui.DashboardTest.verifyDashboardUiElements()'><b>verifyDashboardUiElements</b><br>Test class: testscripts.smoke.ui.DashboardTest</td>
<td></td>
<td>1</td>
<td>testscripts.smoke.ui.DashboardTest@344426bf</td></tr>
<tr>
<td title='testscripts.smoke.functional.CreateQuestionTest.verifyCreateQuestionDataDriven()'><b>verifyCreateQuestionDataDriven</b><br>Test class: testscripts.smoke.functional.CreateQuestionTest<br>Parameters: Access Non modifer, static final private methods are allowed in java, Yes, No, , , , , Option 1, 3.0, Medium, Nov-Batch, programming languages: java, object-oriented, Question published successfully</td>
<td></td>
<td>6</td>
<td>testscripts.smoke.functional.CreateQuestionTest@50194e8d</td></tr>
<tr>
<td title='testscripts.smoke.functional.CreateQuestionTest.verifyCreateQuestionDataDriven()'><b>verifyCreateQuestionDataDriven</b><br>Test class: testscripts.smoke.functional.CreateQuestionTest<br>Parameters: String, Where are string literals stored in Java?, Heap Memory, String Pool, Stack Memory, Metaspace, , , Option 2, 3.0, Medium, Nov-Batch, programming languages: java, garbage collection, Question published successfully</td>
<td></td>
<td>8</td>
<td>testscripts.smoke.functional.CreateQuestionTest@50194e8d</td></tr>
<tr>
<td title='testscripts.smoke.functional.CreateQuestionTest.verifyCreateQuestionDataDriven()'><b>verifyCreateQuestionDataDriven</b><br>Test class: testscripts.smoke.functional.CreateQuestionTest<br>Parameters: Inheritance, Choose the correct answer from given options, both classes are in parent child relationship, final class can be inherited if both classes are in same package, protected class can be inherited outside of the package, we can override protected methods outside of the package, if class is default and constructor is public, still we can inherit class outside of package, , , Option 3, 5.0, Hard, Nov-Batch, programming languages: java, object-oriented, Question published successfully</td>
<td></td>
<td>15</td>
<td>testscripts.smoke.functional.CreateQuestionTest@50194e8d</td></tr>
<tr>
<td title='testscripts.smoke.functional.LoginTest.verifyLoginForValidCredentials()'><b>verifyLoginForValidCredentials</b><br>Test class: testscripts.smoke.functional.LoginTest</td>
<td></td>
<td>1</td>
<td>testscripts.smoke.functional.LoginTest@3cee53dc</td></tr>
<tr>
<td title='testscripts.smoke.functional.CreateQuestionTest.verifyCreateQuestionDataDriven()'><b>verifyCreateQuestionDataDriven</b><br>Test class: testscripts.smoke.functional.CreateQuestionTest<br>Parameters: Local Variable, Can we declare local variable as private, Yes, No, , , , , Option 2, 2.0, Easy, Nov-Batch, programming languages: java, object-oriented, Question published successfully</td>
<td></td>
<td>7</td>
<td>testscripts.smoke.functional.CreateQuestionTest@50194e8d</td></tr>
<tr>
<td title='testscripts.smoke.functional.CreateQuestionTest.verifyCreateQuestionDataDriven()'><b>verifyCreateQuestionDataDriven</b><br>Test class: testscripts.smoke.functional.CreateQuestionTest<br>Parameters: Exception, Which exception is thrown when a class is not found at runtime?, ClassNotFoundException, NullPointerException, IOException, ArithmeticException, , , Option 1, 2.0, Easy, Nov-Batch, programming languages: java, annotations, Question published successfully</td>
<td></td>
<td>9</td>
<td>testscripts.smoke.functional.CreateQuestionTest@50194e8d</td></tr>
<tr>
<td title='testscripts.smoke.functional.CreateQuestionTest.verifyCreateQuestion()'><b>verifyCreateQuestion</b><br>Test class: testscripts.smoke.functional.CreateQuestionTest</td>
<td></td>
<td>11</td>
<td>testscripts.smoke.functional.CreateQuestionTest@50194e8d</td></tr>
</table><p>
</body>
</html>