<?xml version="1.0" encoding="UTF-8"?>
<testsuite xmlns:xsi="http://www.w3.org/2001/XMLSchema-instance" xsi:noNamespaceSchemaLocation="https://maven.apache.org/surefire/maven-surefire-plugin/xsd/surefire-test-report.xsd" version="3.0.2" name="TestSuite" time="135.184" tests="9" errors="0" skipped="0" failures="1">
  <properties>
    <property name="sun.desktop" value="windows"/>
    <property name="awt.toolkit" value="sun.awt.windows.WToolkit"/>
    <property name="java.specification.version" value="11"/>
    <property name="sun.cpu.isalist" value="amd64"/>
    <property name="sun.jnu.encoding" value="Cp1252"/>
    <property name="java.class.path" value="C:\Users\Coditas-Admin\Documents\Nov24\IDE\Nov24_MavenHybridDriven\target\test-classes;C:\Users\Coditas-Admin\Documents\Nov24\IDE\Nov24_MavenHybridDriven\target\classes;C:\Users\Coditas-Admin\.m2\repository\org\seleniumhq\selenium\selenium-java\4.29.0\selenium-java-4.29.0.jar;C:\Users\Coditas-Admin\.m2\repository\org\seleniumhq\selenium\selenium-api\4.29.0\selenium-api-4.29.0.jar;C:\Users\Coditas-Admin\.m2\repository\org\jspecify\jspecify\1.0.0\jspecify-1.0.0.jar;C:\Users\Coditas-Admin\.m2\repository\org\seleniumhq\selenium\selenium-chrome-driver\4.29.0\selenium-chrome-driver-4.29.0.jar;C:\Users\Coditas-Admin\.m2\repository\com\google\auto\service\auto-service-annotations\1.1.1\auto-service-annotations-1.1.1.jar;C:\Users\Coditas-Admin\.m2\repository\org\seleniumhq\selenium\selenium-chromium-driver\4.29.0\selenium-chromium-driver-4.29.0.jar;C:\Users\Coditas-Admin\.m2\repository\org\seleniumhq\selenium\selenium-json\4.29.0\selenium-json-4.29.0.jar;C:\Users\Coditas-Admin\.m2\repository\org\seleniumhq\selenium\selenium-manager\4.29.0\selenium-manager-4.29.0.jar;C:\Users\Coditas-Admin\.m2\repository\org\seleniumhq\selenium\selenium-devtools-v131\4.29.0\selenium-devtools-v131-4.29.0.jar;C:\Users\Coditas-Admin\.m2\repository\org\seleniumhq\selenium\selenium-devtools-v132\4.29.0\selenium-devtools-v132-4.29.0.jar;C:\Users\Coditas-Admin\.m2\repository\org\seleniumhq\selenium\selenium-devtools-v133\4.29.0\selenium-devtools-v133-4.29.0.jar;C:\Users\Coditas-Admin\.m2\repository\org\seleniumhq\selenium\selenium-devtools-v85\4.29.0\selenium-devtools-v85-4.29.0.jar;C:\Users\Coditas-Admin\.m2\repository\org\seleniumhq\selenium\selenium-edge-driver\4.29.0\selenium-edge-driver-4.29.0.jar;C:\Users\Coditas-Admin\.m2\repository\org\seleniumhq\selenium\selenium-firefox-driver\4.29.0\selenium-firefox-driver-4.29.0.jar;C:\Users\Coditas-Admin\.m2\repository\org\seleniumhq\selenium\selenium-http\4.29.0\selenium-http-4.29.0.jar;C:\Users\Coditas-Admin\.m2\repository\org\seleniumhq\selenium\selenium-ie-driver\4.29.0\selenium-ie-driver-4.29.0.jar;C:\Users\Coditas-Admin\.m2\repository\org\seleniumhq\selenium\selenium-remote-driver\4.29.0\selenium-remote-driver-4.29.0.jar;C:\Users\Coditas-Admin\.m2\repository\com\google\guava\guava\33.4.0-jre\guava-33.4.0-jre.jar;C:\Users\Coditas-Admin\.m2\repository\com\google\guava\failureaccess\1.0.2\failureaccess-1.0.2.jar;C:\Users\Coditas-Admin\.m2\repository\com\google\guava\listenablefuture\9999.0-empty-to-avoid-conflict-with-guava\listenablefuture-9999.0-empty-to-avoid-conflict-with-guava.jar;C:\Users\Coditas-Admin\.m2\repository\com\google\code\findbugs\jsr305\3.0.2\jsr305-3.0.2.jar;C:\Users\Coditas-Admin\.m2\repository\org\checkerframework\checker-qual\3.43.0\checker-qual-3.43.0.jar;C:\Users\Coditas-Admin\.m2\repository\com\google\errorprone\error_prone_annotations\2.36.0\error_prone_annotations-2.36.0.jar;C:\Users\Coditas-Admin\.m2\repository\com\google\j2objc\j2objc-annotations\3.0.0\j2objc-annotations-3.0.0.jar;C:\Users\Coditas-Admin\.m2\repository\io\opentelemetry\semconv\opentelemetry-semconv\1.28.0-alpha\opentelemetry-semconv-1.28.0-alpha.jar;C:\Users\Coditas-Admin\.m2\repository\io\opentelemetry\opentelemetry-api\1.46.0\opentelemetry-api-1.46.0.jar;C:\Users\Coditas-Admin\.m2\repository\io\opentelemetry\opentelemetry-context\1.46.0\opentelemetry-context-1.46.0.jar;C:\Users\Coditas-Admin\.m2\repository\io\opentelemetry\opentelemetry-exporter-logging\1.46.0\opentelemetry-exporter-logging-1.46.0.jar;C:\Users\Coditas-Admin\.m2\repository\io\opentelemetry\opentelemetry-sdk-common\1.46.0\opentelemetry-sdk-common-1.46.0.jar;C:\Users\Coditas-Admin\.m2\repository\io\opentelemetry\opentelemetry-sdk-extension-autoconfigure-spi\1.46.0\opentelemetry-sdk-extension-autoconfigure-spi-1.46.0.jar;C:\Users\Coditas-Admin\.m2\repository\io\opentelemetry\opentelemetry-sdk-extension-autoconfigure\1.46.0\opentelemetry-sdk-extension-autoconfigure-1.46.0.jar;C:\Users\Coditas-Admin\.m2\repository\io\opentelemetry\opentelemetry-api-incubator\1.46.0-alpha\opentelemetry-api-incubator-1.46.0-alpha.jar;C:\Users\Coditas-Admin\.m2\repository\io\opentelemetry\opentelemetry-sdk-trace\1.46.0\opentelemetry-sdk-trace-1.46.0.jar;C:\Users\Coditas-Admin\.m2\repository\io\opentelemetry\opentelemetry-sdk\1.46.0\opentelemetry-sdk-1.46.0.jar;C:\Users\Coditas-Admin\.m2\repository\io\opentelemetry\opentelemetry-sdk-metrics\1.46.0\opentelemetry-sdk-metrics-1.46.0.jar;C:\Users\Coditas-Admin\.m2\repository\io\opentelemetry\opentelemetry-sdk-logs\1.46.0\opentelemetry-sdk-logs-1.46.0.jar;C:\Users\Coditas-Admin\.m2\repository\net\bytebuddy\byte-buddy\1.15.11\byte-buddy-1.15.11.jar;C:\Users\Coditas-Admin\.m2\repository\org\seleniumhq\selenium\selenium-os\4.29.0\selenium-os-4.29.0.jar;C:\Users\Coditas-Admin\.m2\repository\org\apache\commons\commons-exec\1.4.0\commons-exec-1.4.0.jar;C:\Users\Coditas-Admin\.m2\repository\org\seleniumhq\selenium\selenium-safari-driver\4.29.0\selenium-safari-driver-4.29.0.jar;C:\Users\Coditas-Admin\.m2\repository\org\seleniumhq\selenium\selenium-support\4.29.0\selenium-support-4.29.0.jar;C:\Users\Coditas-Admin\.m2\repository\org\testng\testng\7.4.0\testng-7.4.0.jar;C:\Users\Coditas-Admin\.m2\repository\com\beust\jcommander\1.78\jcommander-1.78.jar;C:\Users\Coditas-Admin\.m2\repository\org\webjars\jquery\3.5.1\jquery-3.5.1.jar;C:\Users\Coditas-Admin\.m2\repository\org\apache\poi\poi-ooxml\5.4.0\poi-ooxml-5.4.0.jar;C:\Users\Coditas-Admin\.m2\repository\org\apache\poi\poi-ooxml-lite\5.4.0\poi-ooxml-lite-5.4.0.jar;C:\Users\Coditas-Admin\.m2\repository\org\apache\xmlbeans\xmlbeans\5.3.0\xmlbeans-5.3.0.jar;C:\Users\Coditas-Admin\.m2\repository\org\apache\commons\commons-compress\1.27.1\commons-compress-1.27.1.jar;C:\Users\Coditas-Admin\.m2\repository\org\apache\commons\commons-lang3\3.16.0\commons-lang3-3.16.0.jar;C:\Users\Coditas-Admin\.m2\repository\commons-io\commons-io\2.18.0\commons-io-2.18.0.jar;C:\Users\Coditas-Admin\.m2\repository\com\github\virtuald\curvesapi\1.08\curvesapi-1.08.jar;C:\Users\Coditas-Admin\.m2\repository\org\apache\logging\log4j\log4j-api\2.24.3\log4j-api-2.24.3.jar;C:\Users\Coditas-Admin\.m2\repository\org\apache\commons\commons-collections4\4.4\commons-collections4-4.4.jar;C:\Users\Coditas-Admin\.m2\repository\org\apache\poi\poi\5.4.0\poi-5.4.0.jar;C:\Users\Coditas-Admin\.m2\repository\commons-codec\commons-codec\1.17.1\commons-codec-1.17.1.jar;C:\Users\Coditas-Admin\.m2\repository\org\apache\commons\commons-math3\3.6.1\commons-math3-3.6.1.jar;C:\Users\Coditas-Admin\.m2\repository\com\zaxxer\SparseBitSet\1.3\SparseBitSet-1.3.jar;C:\Users\Coditas-Admin\.m2\repository\io\qameta\allure\allure-testng\2.29.1\allure-testng-2.29.1.jar;C:\Users\Coditas-Admin\.m2\repository\io\qameta\allure\allure-java-commons\2.29.1\allure-java-commons-2.29.1.jar;C:\Users\Coditas-Admin\.m2\repository\org\slf4j\slf4j-api\2.0.13\slf4j-api-2.0.13.jar;C:\Users\Coditas-Admin\.m2\repository\io\qameta\allure\allure-model\2.29.1\allure-model-2.29.1.jar;C:\Users\Coditas-Admin\.m2\repository\io\qameta\allure\allure-test-filter\2.29.1\allure-test-filter-2.29.1.jar;C:\Users\Coditas-Admin\.m2\repository\org\aspectj\aspectjweaver\1.9.20.1\aspectjweaver-1.9.20.1.jar;"/>
    <property name="java.vm.vendor" value="Oracle Corporation"/>
    <property name="sun.arch.data.model" value="64"/>
    <property name="user.variant" value=""/>
    <property name="java.vendor.url" value="https://openjdk.java.net/"/>
    <property name="user.timezone" value="Asia/Calcutta"/>
    <property name="java.vm.specification.version" value="11"/>
    <property name="os.name" value="Windows 11"/>
    <property name="sun.java.launcher" value="SUN_STANDARD"/>
    <property name="user.country" value="US"/>
    <property name="sun.boot.library.path" value="C:\Program Files\Java\jdk-11.0.17\bin"/>
    <property name="sun.java.command" value="C:\Users\Coditas-Admin\AppData\Local\Temp\surefire17877240527946260493\surefirebooter-20250320012621143_3.jar C:\Users\Coditas-Admin\AppData\Local\Temp\surefire17877240527946260493 2025-03-20T01-26-20_831-jvmRun1 surefire-20250320012621143_1tmp surefire_0-20250320012621143_2tmp"/>
    <property name="jdk.debug" value="release"/>
    <property name="surefire.test.class.path" value="C:\Users\Coditas-Admin\Documents\Nov24\IDE\Nov24_MavenHybridDriven\target\test-classes;C:\Users\Coditas-Admin\Documents\Nov24\IDE\Nov24_MavenHybridDriven\target\classes;C:\Users\Coditas-Admin\.m2\repository\org\seleniumhq\selenium\selenium-java\4.29.0\selenium-java-4.29.0.jar;C:\Users\Coditas-Admin\.m2\repository\org\seleniumhq\selenium\selenium-api\4.29.0\selenium-api-4.29.0.jar;C:\Users\Coditas-Admin\.m2\repository\org\jspecify\jspecify\1.0.0\jspecify-1.0.0.jar;C:\Users\Coditas-Admin\.m2\repository\org\seleniumhq\selenium\selenium-chrome-driver\4.29.0\selenium-chrome-driver-4.29.0.jar;C:\Users\Coditas-Admin\.m2\repository\com\google\auto\service\auto-service-annotations\1.1.1\auto-service-annotations-1.1.1.jar;C:\Users\Coditas-Admin\.m2\repository\org\seleniumhq\selenium\selenium-chromium-driver\4.29.0\selenium-chromium-driver-4.29.0.jar;C:\Users\Coditas-Admin\.m2\repository\org\seleniumhq\selenium\selenium-json\4.29.0\selenium-json-4.29.0.jar;C:\Users\Coditas-Admin\.m2\repository\org\seleniumhq\selenium\selenium-manager\4.29.0\selenium-manager-4.29.0.jar;C:\Users\Coditas-Admin\.m2\repository\org\seleniumhq\selenium\selenium-devtools-v131\4.29.0\selenium-devtools-v131-4.29.0.jar;C:\Users\Coditas-Admin\.m2\repository\org\seleniumhq\selenium\selenium-devtools-v132\4.29.0\selenium-devtools-v132-4.29.0.jar;C:\Users\Coditas-Admin\.m2\repository\org\seleniumhq\selenium\selenium-devtools-v133\4.29.0\selenium-devtools-v133-4.29.0.jar;C:\Users\Coditas-Admin\.m2\repository\org\seleniumhq\selenium\selenium-devtools-v85\4.29.0\selenium-devtools-v85-4.29.0.jar;C:\Users\Coditas-Admin\.m2\repository\org\seleniumhq\selenium\selenium-edge-driver\4.29.0\selenium-edge-driver-4.29.0.jar;C:\Users\Coditas-Admin\.m2\repository\org\seleniumhq\selenium\selenium-firefox-driver\4.29.0\selenium-firefox-driver-4.29.0.jar;C:\Users\Coditas-Admin\.m2\repository\org\seleniumhq\selenium\selenium-http\4.29.0\selenium-http-4.29.0.jar;C:\Users\Coditas-Admin\.m2\repository\org\seleniumhq\selenium\selenium-ie-driver\4.29.0\selenium-ie-driver-4.29.0.jar;C:\Users\Coditas-Admin\.m2\repository\org\seleniumhq\selenium\selenium-remote-driver\4.29.0\selenium-remote-driver-4.29.0.jar;C:\Users\Coditas-Admin\.m2\repository\com\google\guava\guava\33.4.0-jre\guava-33.4.0-jre.jar;C:\Users\Coditas-Admin\.m2\repository\com\google\guava\failureaccess\1.0.2\failureaccess-1.0.2.jar;C:\Users\Coditas-Admin\.m2\repository\com\google\guava\listenablefuture\9999.0-empty-to-avoid-conflict-with-guava\listenablefuture-9999.0-empty-to-avoid-conflict-with-guava.jar;C:\Users\Coditas-Admin\.m2\repository\com\google\code\findbugs\jsr305\3.0.2\jsr305-3.0.2.jar;C:\Users\Coditas-Admin\.m2\repository\org\checkerframework\checker-qual\3.43.0\checker-qual-3.43.0.jar;C:\Users\Coditas-Admin\.m2\repository\com\google\errorprone\error_prone_annotations\2.36.0\error_prone_annotations-2.36.0.jar;C:\Users\Coditas-Admin\.m2\repository\com\google\j2objc\j2objc-annotations\3.0.0\j2objc-annotations-3.0.0.jar;C:\Users\Coditas-Admin\.m2\repository\io\opentelemetry\semconv\opentelemetry-semconv\1.28.0-alpha\opentelemetry-semconv-1.28.0-alpha.jar;C:\Users\Coditas-Admin\.m2\repository\io\opentelemetry\opentelemetry-api\1.46.0\opentelemetry-api-1.46.0.jar;C:\Users\Coditas-Admin\.m2\repository\io\opentelemetry\opentelemetry-context\1.46.0\opentelemetry-context-1.46.0.jar;C:\Users\Coditas-Admin\.m2\repository\io\opentelemetry\opentelemetry-exporter-logging\1.46.0\opentelemetry-exporter-logging-1.46.0.jar;C:\Users\Coditas-Admin\.m2\repository\io\opentelemetry\opentelemetry-sdk-common\1.46.0\opentelemetry-sdk-common-1.46.0.jar;C:\Users\Coditas-Admin\.m2\repository\io\opentelemetry\opentelemetry-sdk-extension-autoconfigure-spi\1.46.0\opentelemetry-sdk-extension-autoconfigure-spi-1.46.0.jar;C:\Users\Coditas-Admin\.m2\repository\io\opentelemetry\opentelemetry-sdk-extension-autoconfigure\1.46.0\opentelemetry-sdk-extension-autoconfigure-1.46.0.jar;C:\Users\Coditas-Admin\.m2\repository\io\opentelemetry\opentelemetry-api-incubator\1.46.0-alpha\opentelemetry-api-incubator-1.46.0-alpha.jar;C:\Users\Coditas-Admin\.m2\repository\io\opentelemetry\opentelemetry-sdk-trace\1.46.0\opentelemetry-sdk-trace-1.46.0.jar;C:\Users\Coditas-Admin\.m2\repository\io\opentelemetry\opentelemetry-sdk\1.46.0\opentelemetry-sdk-1.46.0.jar;C:\Users\Coditas-Admin\.m2\repository\io\opentelemetry\opentelemetry-sdk-metrics\1.46.0\opentelemetry-sdk-metrics-1.46.0.jar;C:\Users\Coditas-Admin\.m2\repository\io\opentelemetry\opentelemetry-sdk-logs\1.46.0\opentelemetry-sdk-logs-1.46.0.jar;C:\Users\Coditas-Admin\.m2\repository\net\bytebuddy\byte-buddy\1.15.11\byte-buddy-1.15.11.jar;C:\Users\Coditas-Admin\.m2\repository\org\seleniumhq\selenium\selenium-os\4.29.0\selenium-os-4.29.0.jar;C:\Users\Coditas-Admin\.m2\repository\org\apache\commons\commons-exec\1.4.0\commons-exec-1.4.0.jar;C:\Users\Coditas-Admin\.m2\repository\org\seleniumhq\selenium\selenium-safari-driver\4.29.0\selenium-safari-driver-4.29.0.jar;C:\Users\Coditas-Admin\.m2\repository\org\seleniumhq\selenium\selenium-support\4.29.0\selenium-support-4.29.0.jar;C:\Users\Coditas-Admin\.m2\repository\org\testng\testng\7.4.0\testng-7.4.0.jar;C:\Users\Coditas-Admin\.m2\repository\com\beust\jcommander\1.78\jcommander-1.78.jar;C:\Users\Coditas-Admin\.m2\repository\org\webjars\jquery\3.5.1\jquery-3.5.1.jar;C:\Users\Coditas-Admin\.m2\repository\org\apache\poi\poi-ooxml\5.4.0\poi-ooxml-5.4.0.jar;C:\Users\Coditas-Admin\.m2\repository\org\apache\poi\poi-ooxml-lite\5.4.0\poi-ooxml-lite-5.4.0.jar;C:\Users\Coditas-Admin\.m2\repository\org\apache\xmlbeans\xmlbeans\5.3.0\xmlbeans-5.3.0.jar;C:\Users\Coditas-Admin\.m2\repository\org\apache\commons\commons-compress\1.27.1\commons-compress-1.27.1.jar;C:\Users\Coditas-Admin\.m2\repository\org\apache\commons\commons-lang3\3.16.0\commons-lang3-3.16.0.jar;C:\Users\Coditas-Admin\.m2\repository\commons-io\commons-io\2.18.0\commons-io-2.18.0.jar;C:\Users\Coditas-Admin\.m2\repository\com\github\virtuald\curvesapi\1.08\curvesapi-1.08.jar;C:\Users\Coditas-Admin\.m2\repository\org\apache\logging\log4j\log4j-api\2.24.3\log4j-api-2.24.3.jar;C:\Users\Coditas-Admin\.m2\repository\org\apache\commons\commons-collections4\4.4\commons-collections4-4.4.jar;C:\Users\Coditas-Admin\.m2\repository\org\apache\poi\poi\5.4.0\poi-5.4.0.jar;C:\Users\Coditas-Admin\.m2\repository\commons-codec\commons-codec\1.17.1\commons-codec-1.17.1.jar;C:\Users\Coditas-Admin\.m2\repository\org\apache\commons\commons-math3\3.6.1\commons-math3-3.6.1.jar;C:\Users\Coditas-Admin\.m2\repository\com\zaxxer\SparseBitSet\1.3\SparseBitSet-1.3.jar;C:\Users\Coditas-Admin\.m2\repository\io\qameta\allure\allure-testng\2.29.1\allure-testng-2.29.1.jar;C:\Users\Coditas-Admin\.m2\repository\io\qameta\allure\allure-java-commons\2.29.1\allure-java-commons-2.29.1.jar;C:\Users\Coditas-Admin\.m2\repository\org\slf4j\slf4j-api\2.0.13\slf4j-api-2.0.13.jar;C:\Users\Coditas-Admin\.m2\repository\io\qameta\allure\allure-model\2.29.1\allure-model-2.29.1.jar;C:\Users\Coditas-Admin\.m2\repository\io\qameta\allure\allure-test-filter\2.29.1\allure-test-filter-2.29.1.jar;C:\Users\Coditas-Admin\.m2\repository\org\aspectj\aspectjweaver\1.9.20.1\aspectjweaver-1.9.20.1.jar;"/>
    <property name="sun.cpu.endian" value="little"/>
    <property name="user.home" value="C:\Users\Coditas-Admin"/>
    <property name="user.language" value="en"/>
    <property name="java.specification.vendor" value="Oracle Corporation"/>
    <property name="java.version.date" value="2022-10-18"/>
    <property name="java.home" value="C:\Program Files\Java\jdk-11.0.17"/>
    <property name="file.separator" value="\"/>
    <property name="style.color" value="always"/>
    <property name="basedir" value="C:\Users\Coditas-Admin\Documents\Nov24\IDE\Nov24_MavenHybridDriven"/>
    <property name="java.vm.compressedOopsMode" value="Zero based"/>
    <property name="line.separator" value="&#10;"/>
    <property name="java.specification.name" value="Java Platform API Specification"/>
    <property name="java.vm.specification.vendor" value="Oracle Corporation"/>
    <property name="java.awt.graphicsenv" value="sun.awt.Win32GraphicsEnvironment"/>
    <property name="surefire.real.class.path" value="C:\Users\Coditas-Admin\AppData\Local\Temp\surefire17877240527946260493\surefirebooter-20250320012621143_3.jar"/>
    <property name="user.script" value=""/>
    <property name="sun.management.compiler" value="HotSpot 64-Bit Tiered Compilers"/>
    <property name="java.runtime.version" value="11.0.17+10-LTS-269"/>
    <property name="user.name" value="anuja.kannawar_codit"/>
    <property name="path.separator" value=";"/>
    <property name="os.version" value="10.0"/>
    <property name="java.runtime.name" value="Java(TM) SE Runtime Environment"/>
    <property name="file.encoding" value="Cp1252"/>
    <property name="java.vm.name" value="Java HotSpot(TM) 64-Bit Server VM"/>
    <property name="java.vendor.version" value="18.9"/>
    <property name="localRepository" value="C:\Users\Coditas-Admin\.m2\repository"/>
    <property name="java.vendor.url.bug" value="https://bugreport.java.com/bugreport/"/>
    <property name="java.io.tmpdir" value="C:\Users\CODITA~1\AppData\Local\Temp\"/>
    <property name="java.version" value="11.0.17"/>
    <property name="user.dir" value="C:\Users\Coditas-Admin\Documents\Nov24\IDE\Nov24_MavenHybridDriven"/>
    <property name="os.arch" value="amd64"/>
    <property name="java.vm.specification.name" value="Java Virtual Machine Specification"/>
    <property name="java.awt.printerjob" value="sun.awt.windows.WPrinterJob"/>
    <property name="sun.os.patch.level" value=""/>
    <property name="java.library.path" value="C:\Program Files\Java\jdk-11.0.17\bin;C:\WINDOWS\Sun\Java\bin;C:\WINDOWS\system32;C:\WINDOWS;C:/Users/Coditas-Admin/Documents/downloads/eclipse-committers-2024-09-R-win32-x86_64/eclipse//plugins/org.eclipse.justj.openjdk.hotspot.jre.full.win32.x86_64_21.0.6.v20250130-0529/jre/bin/server;C:/Users/Coditas-Admin/Documents/downloads/eclipse-committers-2024-09-R-win32-x86_64/eclipse//plugins/org.eclipse.justj.openjdk.hotspot.jre.full.win32.x86_64_21.0.6.v20250130-0529/jre/bin;C:\Program Files\Java\jdk-23\bin;C:\Program Files\Common Files\Oracle\Java\javapath;C:\WINDOWS\system32;C:\WINDOWS;C:\WINDOWS\System32\Wbem;C:\WINDOWS\System32\WindowsPowerShell\v1.0\;C:\WINDOWS\System32\OpenSSH\;C:\Program Files (x86)\Kaspersky Lab\KES.12.6.0\;C:\Program Files\Java\jdk-23\lib;C:\Program Files\nodejs\;C:\ProgramData\chocolatey\bin;C:\Program Files\nodejs\bin;C:\Program Files\nodejs\lib;C:\Users\Coditas-Admin\Documents\downloads\apache-maven-3.9.9-bin\apache-maven-3.9.9\bin;C:\Users\Coditas-Admin\AppData\Local\Microsoft\WindowsApps;;C:\Program Files\mitmproxy\bin;C:\Users\Coditas-Admin\Desktop\IntelliJ IDEA Community Edition 2024.3.1.1\bin;;;C:\Users\Coditas-Admin\AppData\Roaming\npm;C:\Users\Coditas-Admin\Documents\downloads\eclipse-committers-2024-09-R-win32-x86_64\eclipse;;."/>
    <property name="java.vendor" value="Oracle Corporation"/>
    <property name="java.vm.info" value="mixed mode"/>
    <property name="java.vm.version" value="11.0.17+10-LTS-269"/>
    <property name="sun.io.unicode.encoding" value="UnicodeLittle"/>
    <property name="java.class.version" value="55.0"/>
  </properties>
  <testcase name="verifyQuestionCount" classname="testscripts.smoke.ui.LibrayTest" time="4.756">
    <failure message="All Question count was 2876 where as sum of other type questions 200 expected [2876] but found [200]" type="java.lang.AssertionError"><![CDATA[java.lang.AssertionError: All Question count was 2876 where as sum of other type questions 200 expected [2876] but found [200]
	at org.testng.Assert.fail(Assert.java:99)
	at org.testng.Assert.failNotEquals(Assert.java:1037)
	at org.testng.Assert.assertEqualsImpl(Assert.java:140)
	at org.testng.Assert.assertEquals(Assert.java:122)
	at org.testng.Assert.assertEquals(Assert.java:907)
	at testscripts.smoke.ui.LibrayTest.verifyQuestionCount(LibrayTest.java:36)
	at java.base/jdk.internal.reflect.NativeMethodAccessorImpl.invoke0(Native Method)
	at java.base/jdk.internal.reflect.NativeMethodAccessorImpl.invoke(NativeMethodAccessorImpl.java:62)
	at java.base/jdk.internal.reflect.DelegatingMethodAccessorImpl.invoke(DelegatingMethodAccessorImpl.java:43)
	at java.base/java.lang.reflect.Method.invoke(Method.java:566)
	at org.testng.internal.MethodInvocationHelper.invokeMethod(MethodInvocationHelper.java:133)
	at org.testng.internal.TestInvoker.invokeMethod(TestInvoker.java:598)
	at org.testng.internal.TestInvoker.invokeTestMethod(TestInvoker.java:173)
	at org.testng.internal.MethodRunner.runInSequence(MethodRunner.java:46)
	at org.testng.internal.TestInvoker$MethodInvocationAgent.invoke(TestInvoker.java:824)
	at org.testng.internal.TestInvoker.invokeTestMethods(TestInvoker.java:146)
	at org.testng.internal.TestMethodWorker.invokeTestMethods(TestMethodWorker.java:146)
	at org.testng.internal.TestMethodWorker.run(TestMethodWorker.java:128)
	at java.base/java.util.ArrayList.forEach(ArrayList.java:1541)
	at org.testng.TestRunner.privateRun(TestRunner.java:794)
	at org.testng.TestRunner.run(TestRunner.java:596)
	at org.testng.SuiteRunner.runTest(SuiteRunner.java:377)
	at org.testng.SuiteRunner.runSequentially(SuiteRunner.java:371)
	at org.testng.SuiteRunner.privateRun(SuiteRunner.java:332)
	at org.testng.SuiteRunner.run(SuiteRunner.java:276)
	at org.testng.SuiteRunnerWorker.runSuite(SuiteRunnerWorker.java:53)
	at org.testng.SuiteRunnerWorker.run(SuiteRunnerWorker.java:96)
	at org.testng.TestNG.runSuitesSequentially(TestNG.java:1212)
	at org.testng.TestNG.runSuitesLocally(TestNG.java:1134)
	at org.testng.TestNG.runSuites(TestNG.java:1063)
	at org.testng.TestNG.run(TestNG.java:1031)
	at org.apache.maven.surefire.testng.TestNGExecutor.run(TestNGExecutor.java:308)
	at org.apache.maven.surefire.testng.TestNGXmlTestSuite.execute(TestNGXmlTestSuite.java:71)
	at org.apache.maven.surefire.testng.TestNGProvider.invoke(TestNGProvider.java:113)
	at org.apache.maven.surefire.booter.ForkedBooter.runSuitesInProcess(ForkedBooter.java:385)
	at org.apache.maven.surefire.booter.ForkedBooter.execute(ForkedBooter.java:162)
	at org.apache.maven.surefire.booter.ForkedBooter.run(ForkedBooter.java:507)
	at org.apache.maven.surefire.booter.ForkedBooter.main(ForkedBooter.java:495)
]]></failure>
    <system-out><![CDATA[PREREQUISITE - Login HireCorrecto using valid credentials and user is on dashboard page.
STEP - Navigate to Library
VERIFY - All questions should be equal to sum of Hire360 Library, My Library and Draft questions
2876
112
88
0
200
]]></system-out>
    <system-err><![CDATA[SLF4J(W): No SLF4J providers were found.
SLF4J(W): Defaulting to no-operation (NOP) logger implementation
SLF4J(W): See https://www.slf4j.org/codes.html#noProviders for further details.
]]></system-err>
  </testcase>
  <testcase name="verifyDashboardUiElements" classname="testscripts.smoke.ui.DashboardTest" time="1.534">
    <system-out><![CDATA[CLEAN UP - Close browser
STEP - Open chrome browser and load https://staging.app.hirecorrecto.com
Wait until Login page loaded
STEP - Enter Username
STEP - Enter Password
STEP - Click on Login Button
VERIFY the 'Hello, Welcome Back' message on the dashboard
VERIFY - 'Total Assessments' Lable
VERIFY - 'Total Assessments' count
VERIFY - 'Total Appeared' Lable
VERIFY - 'Total Appeared' count
VERIFY - 'Total Qualified' Lable
VERIFY - 'Total Qualified' count
VERIFY - 'View Template' button is visible
VERIFY - 'Create Question' button is visible
VERIFY - 'Create Assessment' button is visible
]]></system-out>
  </testcase>
  <testcase name="verifyCreateQuestion" classname="testscripts.smoke.functional.CreateQuestionTest" time="11.797">
    <system-out><![CDATA[PREREQUISITE - Login HireCorrecto using valid credentials and user is on dashboard page.
VERIFY - Create Question Button is displayed
STEP - Click on Create Questions button
VERIFY - MCQ Question is displayed
VERIFY - 3 Questions Type should be displayed
VERIFY - Text of all Questions Type
STEP - Click on MCQ button
STEP - Enter Problem Title
STEP - Enter Problem statement
STEP - Select Difficulty
STEP - Enter Option 1
STEP - Enter Option 2
STEP - Add Option
STEP - Enter Option 3
STEP - Add Option
STEP - Enter Option 4
STEP - Select Option 1 radio button as answer
STEP - Assign Score
STEP - Enter Label
STEP - Select Skills
STEP - Select Topics
STEP - Click on publish button
VERIFY - 'Question published successfully' toast message displayed
STEP - Close Create Question Drawer
]]></system-out>
  </testcase>
  <testcase name="verifyCreateQuestionDataDriven[Local Variable, Can we declare local variable as private, Yes, No, , , , , Option 2, 2.0, Easy, Nov-Batch, programming languages: java, object-oriented, Question published successfully](1)" classname="testscripts.smoke.functional.CreateQuestionTest" time="7.141">
    <system-out><![CDATA[CLEAN UP - Close browser
2025-03-19T19:57:05.653660Z main ERROR Log4j API could not find a logging provider.
Local Variable Can we declare local variable as private Yes No     Option 2 2.0 Easy Nov-Batch programming languages: java object-oriented Question published successfully 
Access Non modifer static final private methods are allowed in java Yes No     Option 1 3.0 Medium Nov-Batch programming languages: java object-oriented Question published successfully 
Inheritance Choose the correct answer from given options, both classes are in parent child relationship final class can be inherited if both classes are in same package protected class can be inherited outside of the package we can override protected methods outside of the package if class is default and constructor is public, still we can inherit class outside of package   Option 3 5.0 Hard Nov-Batch programming languages: java object-oriented Question published successfully 
Exception Which exception is thrown when a class is not found at runtime? ClassNotFoundException NullPointerException IOException ArithmeticException   Option 1 2.0 Easy Nov-Batch programming languages: java annotations Question published successfully 
String Where are string literals stored in Java? Heap Memory String Pool Stack Memory Metaspace   Option 2 3.0 Medium Nov-Batch programming languages: java garbage collection Question published successfully 
PREREQUISITE - Login HireCorrecto using valid credentials and user is on dashboard page.
VERIFY - Create Question Button is displayed
STEP - Click on Create Questions button
VERIFY - MCQ Question is displayed
VERIFY - 3 Questions Type should be displayed
VERIFY - Text of all Questions Type
STEP - Click on MCQ button
STEP - Enter Problem Title
STEP - Enter Problem statement
STEP - Select Difficulty
STEP - Enter Option 1
STEP - Enter Option 2
STEP - Select Option 2 radio button as answer
STEP - Assign Score
STEP - Enter Label
STEP - Select Skills
STEP - Select Topics
STEP - Click on publish button
VERIFY - 'Question published successfully' toast message displayed
STEP - Close Create Question Drawer
]]></system-out>
    <system-err><![CDATA[RowIndex : 0, ColIndex : 4 is blank
RowIndex : 0, ColIndex : 5 is blank
RowIndex : 0, ColIndex : 6 is blank
RowIndex : 0, ColIndex : 7 is blank
RowIndex : 1, ColIndex : 4 is blank
RowIndex : 1, ColIndex : 5 is blank
RowIndex : 1, ColIndex : 6 is blank
RowIndex : 1, ColIndex : 7 is blank
RowIndex : 2, ColIndex : 6 is blank
RowIndex : 2, ColIndex : 7 is blank
RowIndex : 3, ColIndex : 6 is blank
RowIndex : 3, ColIndex : 7 is blank
RowIndex : 4, ColIndex : 6 is blank
RowIndex : 4, ColIndex : 7 is blank
]]></system-err>
  </testcase>
  <testcase name="verifyCreateQuestionDataDriven[Access Non modifer, static final private methods are allowed in java, Yes, No, , , , , Option 1, 3.0, Medium, Nov-Batch, programming languages: java, object-oriented, Question published successfully](2)" classname="testscripts.smoke.functional.CreateQuestionTest" time="6.227">
    <system-out><![CDATA[CLEAN UP - Close browser
PREREQUISITE - Login HireCorrecto using valid credentials and user is on dashboard page.
VERIFY - Create Question Button is displayed
STEP - Click on Create Questions button
VERIFY - MCQ Question is displayed
VERIFY - 3 Questions Type should be displayed
VERIFY - Text of all Questions Type
STEP - Click on MCQ button
STEP - Enter Problem Title
STEP - Enter Problem statement
STEP - Select Difficulty
STEP - Enter Option 1
STEP - Enter Option 2
STEP - Select Option 1 radio button as answer
STEP - Assign Score
STEP - Enter Label
STEP - Select Skills
STEP - Select Topics
STEP - Click on publish button
VERIFY - 'Question published successfully' toast message displayed
STEP - Close Create Question Drawer
]]></system-out>
  </testcase>
  <testcase name="verifyCreateQuestionDataDriven[Inheritance, Choose the correct answer from given options, both classes are in parent child relationship, final class can be inherited if both classes are in same package, protected class can be inherited outside of the package, we can override protected methods outside of the package, if class is default and constructor is public, still we can inherit class outside of package, , , Option 3, 5.0, Hard, Nov-Batch, programming languages: java, object-oriented, Question published successfully](3)" classname="testscripts.smoke.functional.CreateQuestionTest" time="15.018">
    <system-out><![CDATA[CLEAN UP - Close browser
PREREQUISITE - Login HireCorrecto using valid credentials and user is on dashboard page.
VERIFY - Create Question Button is displayed
STEP - Click on Create Questions button
VERIFY - MCQ Question is displayed
VERIFY - 3 Questions Type should be displayed
VERIFY - Text of all Questions Type
STEP - Click on MCQ button
STEP - Enter Problem Title
STEP - Enter Problem statement
STEP - Select Difficulty
STEP - Enter Option 1
STEP - Enter Option 2
STEP - Add Option
STEP - Enter Option 3
STEP - Add Option
STEP - Enter Option 4
STEP - Select Option 3 radio button as answer
STEP - Assign Score
STEP - Enter Label
STEP - Select Skills
STEP - Select Topics
STEP - Click on publish button
VERIFY - 'Question published successfully' toast message displayed
STEP - Close Create Question Drawer
]]></system-out>
  </testcase>
  <testcase name="verifyCreateQuestionDataDriven[Exception, Which exception is thrown when a class is not found at runtime?, ClassNotFoundException, NullPointerException, IOException, ArithmeticException, , , Option 1, 2.0, Easy, Nov-Batch, programming languages: java, annotations, Question published successfully](4)" classname="testscripts.smoke.functional.CreateQuestionTest" time="9.326">
    <system-out><![CDATA[CLEAN UP - Close browser
PREREQUISITE - Login HireCorrecto using valid credentials and user is on dashboard page.
VERIFY - Create Question Button is displayed
STEP - Click on Create Questions button
VERIFY - MCQ Question is displayed
VERIFY - 3 Questions Type should be displayed
VERIFY - Text of all Questions Type
STEP - Click on MCQ button
STEP - Enter Problem Title
STEP - Enter Problem statement
STEP - Select Difficulty
STEP - Enter Option 1
STEP - Enter Option 2
STEP - Add Option
STEP - Enter Option 3
STEP - Add Option
STEP - Enter Option 4
STEP - Select Option 1 radio button as answer
STEP - Assign Score
STEP - Enter Label
STEP - Select Skills
STEP - Select Topics
STEP - Click on publish button
VERIFY - 'Question published successfully' toast message displayed
STEP - Close Create Question Drawer
]]></system-out>
  </testcase>
  <testcase name="verifyCreateQuestionDataDriven[String, Where are string literals stored in Java?, Heap Memory, String Pool, Stack Memory, Metaspace, , , Option 2, 3.0, Medium, Nov-Batch, programming languages: java, garbage collection, Question published successfully](5)" classname="testscripts.smoke.functional.CreateQuestionTest" time="8.321">
    <system-out><![CDATA[CLEAN UP - Close browser
PREREQUISITE - Login HireCorrecto using valid credentials and user is on dashboard page.
VERIFY - Create Question Button is displayed
STEP - Click on Create Questions button
VERIFY - MCQ Question is displayed
VERIFY - 3 Questions Type should be displayed
VERIFY - Text of all Questions Type
STEP - Click on MCQ button
STEP - Enter Problem Title
STEP - Enter Problem statement
STEP - Select Difficulty
STEP - Enter Option 1
STEP - Enter Option 2
STEP - Add Option
STEP - Enter Option 3
STEP - Add Option
STEP - Enter Option 4
STEP - Select Option 2 radio button as answer
STEP - Assign Score
STEP - Enter Label
STEP - Select Skills
STEP - Select Topics
STEP - Click on publish button
VERIFY - 'Question published successfully' toast message displayed
STEP - Close Create Question Drawer
]]></system-out>
  </testcase>
  <testcase name="verifyLoginForValidCredentials" classname="testscripts.smoke.functional.LoginTest" time="1.926">
    <system-out><![CDATA[CLEAN UP - Close browser
STEP - Open chrome browser and load https://staging.app.hirecorrecto.com
VERIFY - Login page is loaded.
STEP - Enter Username
STEP - Enter Password
STEP - Click on Login Button
VERFIY - Dashboard page is displyed in case of correct credentials, "Invalid credtentials" message in case of invalid credentials.
]]></system-out>
  </testcase>
</testsuite>